'2020-07-06:17:27:53,308  INFO     iPECsAPI iPECsAPI Wrapper version 0.1.0 loaded.
'2020-07-06:17:27:53,310  INFO     iPECsAPI Language resource file [/Users/peter/OneDrive/Development/iPecs/ipecs_res_en_GB.json] successfully loaded.
'2020-07-06:17:27:53,312  INFO     iPECsAPI Commands and Headers resource file [/Users/peter/OneDrive/Development/iPecs/ipecs_commands.json] successfully loaded.
'2020-07-06:17:27:53,313  INFO     iPECsAPI SSL certificate warnings DISABLED.
'2020-07-06:17:27:53,318  INFO     iPECsAPI Found IP address of [srsupply.fortiddns.com] to be [129.126.242.41].
'2020-07-06:17:27:56,378  INFO     iPECsAPI [i] HTTP request [https://srsupply.fortiddns.com:8743/ipxapi/server/v1/users/apiadmin/login] successful.
'2020-07-06:17:28:00,366  INFO     iPECsAPI [i] HTTP request [https://srsupply.fortiddns.com:8743/ipxapi/server/v1/users/apiadmin/smdr] successful.
'2020-07-06:17:28:03,557  INFO     iPECsAPI [i] HTTP request [https://srsupply.fortiddns.com:8743/ipxapi/server/v1/users/apiadmin/smdr] successful.
'2020-07-06:17:28:16,867  INFO     iPECsAPI [i] HTTP request [https://srsupply.fortiddns.com:8743/ipxapi/server/v1/users/apiadmin/logout] successful.
'2020-07-06:17:29:13,464  INFO     iPECsAPI iPECsAPI Wrapper version 0.1.0 loaded.
'2020-07-06:17:29:13,466  INFO     iPECsAPI Language resource file [/Users/peter/OneDrive/Development/iPecs/ipecs_res_en_GB.json] successfully loaded.
'2020-07-06:17:29:13,467  INFO     iPECsAPI Commands and Headers resource file [/Users/peter/OneDrive/Development/iPecs/ipecs_commands.json] successfully loaded.
'2020-07-06:17:29:13,468  INFO     iPECsAPI SSL certificate warnings DISABLED.
'2020-07-06:17:29:13,749  INFO     iPECsAPI Found IP address of [srsupply.fortiddns.com] to be [129.126.242.41].
'2020-07-06:17:29:15,824  INFO     iPECsAPI [i] HTTP request [https://srsupply.fortiddns.com:8743/ipxapi/server/v1/users/apiadmin/login] successful.
'2020-07-06:17:29:25,988  INFO     iPECsAPI iPECsAPI Wrapper version 0.1.0 loaded.
'2020-07-06:17:29:25,990  INFO     iPECsAPI Language resource file [/Users/peter/OneDrive/Development/iPecs/ipecs_res_en_GB.json] successfully loaded.
'2020-07-06:17:29:25,991  INFO     iPECsAPI Commands and Headers resource file [/Users/peter/OneDrive/Development/iPecs/ipecs_commands.json] successfully loaded.
'2020-07-06:17:29:25,992  INFO     iPECsAPI SSL certificate warnings DISABLED.
'2020-07-06:17:29:25,996  INFO     iPECsAPI Found IP address of [srsupply.fortiddns.com] to be [129.126.242.41].
'2020-07-06:17:30:21,996  CRITICAL iPECsAPI Max retry count of [5] reached for login attempts ->> giving up.
'2020-07-06:17:30:21,997  CRITICAL iPECsAPI [!] [401] Authentication Failed or Access not authorised!
'2020-07-06:20:32:41,999  INFO     iPECsAPI iPECsAPI Wrapper version 0.1.0 loaded.
'2020-07-06:20:32:42,1    INFO     iPECsAPI Language resource file [/Users/Peter/OneDrive/Development/iPecs/ipecs_res_en_GB.json] successfully loaded.
'2020-07-06:20:32:42,13   INFO     iPECsAPI Commands and Headers resource file [/Users/Peter/OneDrive/Development/iPecs/ipecs_commands.json] successfully loaded.
'2020-07-06:20:32:42,14   INFO     iPECsAPI SSL certificate warnings DISABLED.
'2020-07-06:20:32:42,308  INFO     iPECsAPI Found IP address of [srsupply.fortiddns.com] to be [129.126.242.41].
'2020-07-06:20:32:42,468  INFO     iPECsAPI [i] HTTP request [https://srsupply.fortiddns.com:8743/ipxapi/server/v1/users/apiadmin/login] successful.
'2020-07-06:20:33:05,275  INFO     iPECsAPI iPECsAPI Wrapper version 0.1.0 loaded.
'2020-07-06:20:33:05,276  INFO     iPECsAPI Language resource file [/Users/Peter/OneDrive/Development/iPecs/ipecs_res_en_GB.json] successfully loaded.
'2020-07-06:20:33:05,276  INFO     iPECsAPI Commands and Headers resource file [/Users/Peter/OneDrive/Development/iPecs/ipecs_commands.json] successfully loaded.
'2020-07-06:20:33:05,277  INFO     iPECsAPI SSL certificate warnings DISABLED.
'2020-07-06:20:33:05,280  INFO     iPECsAPI Found IP address of [srsupply.fortiddns.com] to be [129.126.242.41].
'2020-07-06:20:33:55,919  CRITICAL iPECsAPI Max retry count of [5] reached for login attempts ->> giving up.
'2020-07-06:20:33:55,919  CRITICAL iPECsAPI [!] [401] Authentication Failed or Access not authorised!
'2020-07-06:20:34:52,437  INFO     iPECsAPI iPECsAPI Wrapper version 0.1.0 loaded.
'2020-07-06:20:34:52,438  INFO     iPECsAPI Language resource file [/Users/Peter/OneDrive/Development/iPecs/ipecs_res_en_GB.json] successfully loaded.
'2020-07-06:20:34:52,439  INFO     iPECsAPI Commands and Headers resource file [/Users/Peter/OneDrive/Development/iPecs/ipecs_commands.json] successfully loaded.
'2020-07-06:20:34:52,439  INFO     iPECsAPI SSL certificate warnings DISABLED.
'2020-07-06:20:34:52,442  INFO     iPECsAPI Found IP address of [srsupply.fortiddns.com] to be [129.126.242.41].
'2020-07-06:20:35:23,465  INFO     iPECsAPI iPECsAPI Wrapper version 0.1.0 loaded.
'2020-07-06:20:35:23,466  INFO     iPECsAPI Language resource file [/Users/Peter/OneDrive/Development/iPecs/ipecs_res_en_GB.json] successfully loaded.
'2020-07-06:20:35:23,467  INFO     iPECsAPI Commands and Headers resource file [/Users/Peter/OneDrive/Development/iPecs/ipecs_commands.json] successfully loaded.
'2020-07-06:20:35:23,467  INFO     iPECsAPI SSL certificate warnings DISABLED.
'2020-07-06:20:35:23,473  INFO     iPECsAPI Found IP address of [srsupply.fortiddns.com] to be [129.126.242.41].
'2020-07-06:20:36:04,333  INFO     iPECsAPI iPECsAPI Wrapper version 0.1.0 loaded.
'2020-07-06:20:36:04,851  INFO     iPECsAPI Language resource file [/Users/Peter/OneDrive/Development/iPecs/ipecs_res_en_GB.json] successfully loaded.
'2020-07-06:20:36:05,455  INFO     iPECsAPI Commands and Headers resource file [/Users/Peter/OneDrive/Development/iPecs/ipecs_commands.json] successfully loaded.
'2020-07-06:20:36:07,319  INFO     iPECsAPI SSL certificate warnings DISABLED.
'2020-07-06:20:36:10,709  INFO     iPECsAPI Found IP address of [srsupply.fortiddns.com] to be [129.126.242.41].
'2020-07-06:20:37:54,331  INFO     iPECsAPI iPECsAPI Wrapper version 0.1.0 loaded.
'2020-07-06:20:37:54,851  INFO     iPECsAPI Language resource file [/Users/Peter/OneDrive/Development/iPecs/ipecs_res_en_GB.json] successfully loaded.
'2020-07-06:20:37:55,517  INFO     iPECsAPI Commands and Headers resource file [/Users/Peter/OneDrive/Development/iPecs/ipecs_commands.json] successfully loaded.
'2020-07-06:20:37:57,455  INFO     iPECsAPI SSL certificate warnings DISABLED.
'2020-07-06:20:37:59,676  INFO     iPECsAPI Found IP address of [srsupply.fortiddns.com] to be [129.126.242.41].
'2020-07-06:20:38:46,610  INFO     iPECsAPI iPECsAPI Wrapper version 0.1.0 loaded.
'2020-07-06:20:38:46,611  INFO     iPECsAPI Language resource file [/Users/Peter/OneDrive/Development/iPecs/ipecs_res_en_GB.json] successfully loaded.
'2020-07-06:20:38:46,612  INFO     iPECsAPI Commands and Headers resource file [/Users/Peter/OneDrive/Development/iPecs/ipecs_commands.json] successfully loaded.
'2020-07-06:20:38:46,612  INFO     iPECsAPI SSL certificate warnings DISABLED.
'2020-07-06:20:38:46,615  INFO     iPECsAPI Found IP address of [srsupply.fortiddns.com] to be [129.126.242.41].
'2020-07-06:20:39:02,532  INFO     iPECsAPI [i] HTTP request [https://srsupply.fortiddns.com:8743/ipxapi/server/v1/users/apiadmin/login] successful.
'2020-07-06:20:41:19,369  INFO     iPECsAPI iPECsAPI Wrapper version 0.1.0 loaded.
'2020-07-06:20:41:19,370  INFO     iPECsAPI Language resource file [/Users/Peter/OneDrive/Development/iPecs/ipecs_res_en_GB.json] successfully loaded.
'2020-07-06:20:41:19,371  INFO     iPECsAPI Commands and Headers resource file [/Users/Peter/OneDrive/Development/iPecs/ipecs_commands.json] successfully loaded.
'2020-07-06:20:41:19,371  INFO     iPECsAPI SSL certificate warnings DISABLED.
'2020-07-06:20:41:19,376  INFO     iPECsAPI Found IP address of [srsupply.fortiddns.com] to be [129.126.242.41].
'2020-07-06:20:41:27,98   INFO     iPECsAPI [i] HTTP request [https://srsupply.fortiddns.com:8743/ipxapi/server/v1/users/apiadmin/login] successful.
'2020-07-06:20:42:43,123  INFO     iPECsAPI [i] HTTP request [https://srsupply.fortiddns.com:8743/ipxapi/server/v1/users/apiadmin/smdr] successful.
'2020-07-06:20:42:43,124  CRITICAL iPECsAPI 'PreparedRequest' object has no attribute 'params'
'2020-07-06:20:42:58,131  INFO     iPECsAPI Secure WEB Socket [{0}] released.
